---
author: pg-x
title: "PostgreSQL å¼•å…¥ UUIDv7"
date: 2023-12-09T11:17:40+08:00
tags: []
ShowToc: false
TocOpen: false
---

UUID (Universally Unique IDentifier) åœ¨ [RFC4122](https://datatracker.ietf.org/doc/html/rfc4122) ä¸­å®šä¹‰ï¼Œå ç”¨ 16 å­—èŠ‚ç©ºé—´ï¼Œä¸ºæ–¹ä¾¿é˜…è¯»ï¼Œé€šå¸¸å°†å…¶è¡¨ç¤ºä¸ºç”±`-`åˆ†éš”çš„äº”ç»„åå…­è¿›åˆ¶å­—ç¬¦ä¸²ã€‚

```
-- PostgreSQL 13 å¢åŠ äº†å†…ç½®ç”Ÿæˆéšæœº UUID çš„æ–¹æ³•
postgres=# select gen_random_uuid();
           gen_random_uuid            
--------------------------------------
 e6e12d78-8b1b-4c5c-90d2-e07dcbdbee73
(1 row)
```

RFC4122 å®šä¹‰äº† 5 ä¸ªä¸åŒç‰ˆæœ¬çš„ UUIDï¼Œè¿™äº›ç‰ˆæœ¬ä¹‹é—´çš„åŒºåˆ«åœ¨äºç”Ÿæˆ UUID æ‰€éœ€çš„è¾“å…¥å’Œè¾“å‡ºçš„ä½ç»“æ„ï¼Œå½“äººä»¬è®¨è®º UUID æ—¶ï¼Œå‡ ä¹æ€»æ˜¯æŒ‡ UUIDv4:

![UUIDv4](/images/UUIDv4.png)

å…¶ç»“æ„ä¸­çš„ç¬¬ 7 ä¸ªå­—èŠ‚çš„é«˜å››ä½ä¸ºç‰ˆæœ¬å· `0b0100`, ç¬¬ 9 ä¸ªå­—èŠ‚çš„é«˜ä¸¤ä½æ€»æ˜¯ä¸º `0b10`ï¼Œå…¶ä½™ 122 ä½ä¸ºéšæœºå€¼ã€‚å› æ­¤æ— è®ºç”¨ SQL è¿˜æ˜¯å‘½ä»¤è¡Œå·¥å…· `uuidgen` ç”Ÿæˆçš„ UUIDï¼Œå…¶åœ¨ä¸Šå›¾ä¸­ç¬¬ä¸€ä¸ªæ©˜è‰²çš„ä½ç½®å§‹ç»ˆä¸º **4**ï¼Œç¬¬äºŒä¸ªæ©˜è‰²çš„ä½ç½®ä¸º **8, 9, a, b** ä¸­çš„ä¸€ä¸ªã€‚

*contrib ä¸‹çš„ uuid-ossp extension æä¾›äº†ç”Ÿæˆäº”ä¸ªç‰ˆæœ¬ UUID çš„å‡½æ•°ã€‚*

### UUIDv4 å­˜åœ¨çš„é—®é¢˜

å½“ç”¨ UUIDv4 ä½œä¸ºä¸»é”®æ—¶ï¼Œå¦‚æœå¤§é‡å†™å…¥éšæœºçš„ UUID å€¼ï¼Œä¼šå¯¼è‡´ B-tree æ›´å¤šçš„é¡µé¢åˆ†è£‚ï¼Œè¾ƒä½çš„ filling factorï¼Œå¤§é‡çš„é¡µé¢ç¢ç‰‡ï¼ˆ[Fragmentation](https://www.postgresql.org/message-id/flat/CAFowjW1J7KMjPfQY0ST94V0t%3Drcjz13HkjMuqJVP_Lk6Zn8Cag%40mail.gmail.com)ï¼‰ï¼Œå ç”¨æ›´å¤šçš„å­˜å‚¨ç©ºé—´ã€‚å½“ç´¢å¼•æ•°æ®å¤§äºå†…å­˜æ—¶ï¼Œç¼“å­˜å‘½ä¸­ç‡ä¹Ÿä¼šé€æ¸é™ä½ã€‚ç”±äºå†™å…¥åˆ†æ•£ï¼Œå¤§é‡é¡µé¢éœ€è¦åœ¨ Checkpoint ä¹‹åå†™ FPIï¼Œè¿›è€Œå¯¼è‡´ WAL çš„å†™å…¥æ”¾å¤§ï¼ŒWAL å†™å…¥é‡çš„å¢åŠ åˆä¼šæ›´é¢‘ç¹åœ°è§¦å‘ Checkpointï¼Œåˆå¯¼è‡´æ›´å¤šçš„ FPI å†™å…¥æ“ä½œ ğŸ¥º

UUIDv4 çš„éšæœºæ€§å¯¹äºè¯»æ“ä½œåŒæ ·æœ‰å½±å“ï¼Œç”±äºæ•°æ®å¤±å»äº†ç›¸å…³æ€§ï¼Œæ ¹æ®èŒƒå›´å»æŸ¥è¯¢ UUID æ¯«æ— æ„ä¹‰ã€‚

å¯¹äº UUIDv4 å­˜åœ¨çš„é—®é¢˜ï¼ŒTomas Vondra 2018 å¹´è®¾è®¡çš„ [sequential-uuids](https://github.com/tvondra/sequential-uuids) å¯ä»¥åœ¨ä¸ç‰ºç‰²å¤ªå¤šéšæœºæ€§çš„å‰æä¸‹ä»¥æ›´é¡ºåºçš„æ¨¡å¼ç”Ÿæˆ UUIDï¼Œåˆ©ç”¨ **sequence** æˆ–**æ—¶é—´**è®¡ç®—ä¸€ä¸ªå‰ç¼€æ¥ä¿è¯ç”Ÿæˆçš„ UUID å…·æœ‰è‰¯å¥½çš„å±€éƒ¨æ€§ã€‚[Sequential UUID Generators](https://www.2ndquadrant.com/en/blog/sequential-uuid-generators/) å¯¹ uuid-ossp æä¾›çš„ `uuid_generate_v4` å’Œè¯¥è®¾è®¡ä¸­çš„ `uuid_time_nextval`/`uuid_sequence_nextval` è¿›è¡Œäº†**æ€§èƒ½**ã€**WALå†™å…¥æ”¾å¤§** åŠ **ç¼“å­˜å‘½ä¸­ç‡**çš„å¯¹æ¯”ã€‚

éœ€è¦æ³¨æ„çš„æ˜¯ï¼Œsequential-uuids ç”Ÿæˆçš„ä¾ç„¶æ˜¯ UUIDv4ï¼Œå¹¶ä¸”éœ€è¦ç”¨æˆ·å†³å®šä¼ å…¥çš„å‚æ•°å¤§å°ï¼ˆblock_size, block_countï¼‰ï¼Œä½¿ç”¨èµ·æ¥å¹¶ä¸æ˜¯å¾ˆæ–¹ä¾¿ã€‚

### UUIDv7

ä» 2022 å¹´å¼€å§‹ï¼ˆæœ€æ—©çš„è‰æ¡ˆåº”è¯¥åœ¨ 2020 å¹´å°±æå‡ºäº†ï¼‰ï¼ŒIETF uuidrev å·¥ä½œç»„å¯¹ UUID çš„æ ¼å¼è¿›è¡Œäº†æ›´æ–°ï¼Œå¼•å…¥äº† UUIDv6, UUIDv7 å’Œ UUIDv8ï¼Œæˆªè‡³ç›®å‰ï¼Œ[rfc4122bis](https://datatracker.ietf.org/doc/html/draft-ietf-uuidrev-rfc4122bis-14) å·²ç»æ›´æ–°åˆ°äº† version 14ï¼Œå¯èƒ½å¾ˆå¿«ä¼šè¢«æ¥å—ä¸ºæ ‡å‡†ã€‚

å…¶ä¸­ UUIDv7 ä½¿ç”¨æ—¶é—´æˆ³ä½œä¸ºå‰ç¼€ï¼ŒåŒæ—¶ä¿ç•™äº† 62 ä½çš„éšæœºå€¼:

![UUIDv7](/images/UUIDv7.png)

PG hackers é‚®ä»¶åˆ—è¡¨å·²ç»æœ‰ patch æ¥æ”¯æŒç”Ÿæˆ [UUIDv7](https://www.postgresql.org/message-id/flat/CAAhFRxitJv%3DyoGnXUgeLB_O%2BM7J2BJAmb5jqAT9gZ3bij3uLDA%40mail.gmail.com)ï¼Œææœ‰å¯èƒ½åœ¨ PG17 ä¸­å¼•å…¥è¯¥ç‰¹æ€§ï¼ˆå‰ææ˜¯ rfc4122bis è¢«æ¥å—ä¸ºæ ‡å‡†ï¼‰ã€‚

å°† patch æ‰“åˆ°æœ¬åœ°ä»£ç ä»“ï¼Œè¿ç»­ç”Ÿæˆå‡ ä¸ª UUIDv7ï¼Œå¯ä»¥çœ‹å‡ºç”Ÿæˆçš„ uuid å…·æœ‰è‰¯å¥½çš„è¿ç»­æ€§:

```SQL
postgres=# select gen_uuid_v7() from generate_series(1,5);
             gen_uuid_v7              
--------------------------------------
 018c516f-e20a-737c-b338-864ebefc8c18
 018c516f-e20a-737c-b4cf-64698e408f6f
 018c516f-e20a-737c-b513-5e826a08d3db
 018c516f-e20a-737c-b659-464de47f9bfe
 018c516f-e20a-737c-b74f-323bbc64b029
(5 rows)
```

### æµ‹è¯•

æˆ‘ä»¬å‚ç…§ [UNEXPECTED DOWNSIDES OF UUID KEYS IN POSTGRESQL](https://www.cybertec-postgresql.com/en/unexpected-downsides-of-uuid-keys-in-postgresql/) å¯¹ UUIDv4 å’Œ UUIDv7 è¿›è¡Œä¸€ä¸ªå¯¹æ¯”ã€‚

**ç”Ÿæˆé€Ÿåº¦**

```SQL
postgres=# explain analyze select count(gen_random_uuid()) from generate_series(1, 1000000);
                                                              QUERY PLAN                                                               
---------------------------------------------------------------------------------------------------------------------------------------
 Aggregate  (cost=15000.00..15000.01 rows=1 width=8) (actual time=10884.292..10884.293 rows=1 loops=1)
   ->  Function Scan on generate_series  (cost=0.00..10000.00 rows=1000000 width=0) (actual time=90.128..255.612 rows=1000000 loops=1)
 Planning Time: 0.853 ms
 Execution Time: 10887.408 ms
(4 rows)

postgres=# explain analyze select count(gen_uuid_v7()) from generate_series(1, 1000000);
                                                              QUERY PLAN                                                               
---------------------------------------------------------------------------------------------------------------------------------------
 Aggregate  (cost=15000.00..15000.01 rows=1 width=8) (actual time=10973.624..10973.625 rows=1 loops=1)
   ->  Function Scan on generate_series  (cost=0.00..10000.00 rows=1000000 width=0) (actual time=90.129..266.464 rows=1000000 loops=1)
 Planning Time: 0.029 ms
 Execution Time: 10975.888 ms
(4 rows)
```

**B-tree ç´¢å¼•å†™å…¥æ€§èƒ½åŠå¤§å°**

```SQL
postgres=# create table records (id int8 not null, uuid_v4 uuid not null, uuid_v7 uuid not null, filler text);
CREATE TABLE
postgres=# insert into records select id, gen_random_uuid(), gen_uuid_v7(), repeat(' ', 100) from generate_series(1, 1000000) id;
INSERT 0 1000000
Time: 23570.256 ms (00:23.570)

postgres=# create index on records (uuid_v4);
CREATE INDEX
Time: 736.436 ms
postgres=# create index on records (uuid_v7);
CREATE INDEX
Time: 583.667 ms

```

**BRIN index**

```SQL
postgres=# drop index records_uuid_v4_idx ;
DROP INDEX
Time: 4.853 ms
postgres=# drop index records_uuid_v7_idx ;
DROP INDEX
postgres=# create index records_uuid_v4_brin_idx on records using BRIN (uuid_v4);
CREATE INDEX
Time: 105.737 ms
postgres=# create index records_uuid_v7_brin_idx on records using BRIN (uuid_v7);
CREATE INDEX
Time: 115.418 ms
postgres=# select id, uuid_v4, uuid_v7 from records limit 1;
 id |               uuid_v4                |               uuid_v7                
----+--------------------------------------+--------------------------------------
  1 | 70548b99-f3c4-437d-89f9-7ac1c96b7975 | 018c517e-b568-77a6-89d4-ccfb0af12fd1
(1 row)

Time: 0.188 ms

postgres=# set enable_seqscan TO false;
SET
postgres=# SET max_parallel_workers_per_gather = 0;
SET
postgres=# explain analyze select * from records where uuid_v4 = '70548b99-f3c4-437d-89f9-7ac1c96b7975';
                                                                 QUERY PLAN                                                                  
---------------------------------------------------------------------------------------------------------------------------------------------
 Bitmap Heap Scan on records  (cost=17.34..33794.34 rows=1 width=141) (actual time=0.461..138.931 rows=1 loops=1)
   Recheck Cond: (uuid_v4 = '70548b99-f3c4-437d-89f9-7ac1c96b7975'::uuid)
   Rows Removed by Index Recheck: 999999
   Heap Blocks: lossy=21277
   ->  Bitmap Index Scan on records_uuid_v4_brin_idx  (cost=0.00..17.34 rows=1000000 width=0) (actual time=0.445..0.445 rows=212770 loops=1)
         Index Cond: (uuid_v4 = '70548b99-f3c4-437d-89f9-7ac1c96b7975'::uuid)
 Planning Time: 0.055 ms
 Execution Time: 138.951 ms
(8 rows)
postgres=# explain analyze select * from records where uuid_v7 = '018c517e-b568-77a6-89d4-ccfb0af12fd1';
                                                               QUERY PLAN                                                               
----------------------------------------------------------------------------------------------------------------------------------------
 Bitmap Heap Scan on records  (cost=12.03..13263.31 rows=1 width=141) (actual time=0.077..0.710 rows=1 loops=1)
   Recheck Cond: (uuid_v7 = '018c517e-b568-77a6-89d4-ccfb0af12fd1'::uuid)
   Rows Removed by Index Recheck: 6015
   Heap Blocks: lossy=128
   ->  Bitmap Index Scan on records_uuid_v7_brin_idx  (cost=0.00..12.03 rows=5988 width=0) (actual time=0.069..0.069 rows=1280 loops=1)
         Index Cond: (uuid_v7 = '018c517e-b568-77a6-89d4-ccfb0af12fd1'::uuid)
 Planning Time: 0.057 ms
 Execution Time: 0.728 ms
(8 rows)
```

**ç»“è®º**

- UUIDv7 åœ¨ç”Ÿæˆé€Ÿåº¦ä¸Šç¨é€Šäº UUIDv4ï¼Œå½“ç„¶ä¹Ÿå¯æŠŠ UUID çš„ç”Ÿæˆäº¤ç»™å®¢æˆ·ç«¯æ¥å®Œæˆ
- UUIDv7 ç”Ÿæˆçš„ B-tree å ç”¨ç©ºé—´å°äº UUIDv4
- ç”±äº UUIDv7 çš„é¡ºåºæ€§ï¼ŒBRIN çš„è¿‡æ»¤æ•ˆæœè¿œè¿œå¥½äº UUIDv4
- bloom filter å¯ç”¨äºä¼˜åŒ– UUIDv4 çš„ BRINï¼Œä½†è¿™ä¸åœ¨æœ¬æ–‡è®¨è®ºèŒƒå›´ï¼Œè¯·å‚è€ƒ [Unconventional ways to index UUIDs in PostgreSQL](https://www.youtube.com/watch?v=iZtssl7rkBU)

### References

- [1] [https://blog.daveallie.com/ulid-primary-keys](https://blog.daveallie.com/ulid-primary-keys)
- [2] [Hacker News](https://news.ycombinator.com/item?id=36429986)
- [3] [[Proposal] global sequence implemented by snowflake ID](https://www.postgresql.org/message-id/flat/TY3PR01MB988983D23E4F1DA10567BC5BF5B9A@TY3PR01MB9889.jpnprd01.prod.outlook.com)
